0 info it worked if it ends with ok
1 verbose cli [ 'C:\\Program Files\\nodejs\\node.exe',
1 verbose cli   'C:\\Program Files\\nodejs\\node_modules\\npm\\bin\\npm-cli.js',
1 verbose cli   'install',
1 verbose cli   '--save',
1 verbose cli   'inquirer' ]
2 info using npm@2.15.9
3 info using node@v4.5.0
4 verbose install initial load of C:\Users\Khal\desktop\bootcamp\homework\Hangman-Reborn\package.json
5 warn package.json hangman-reborn@1.0.0 No description
6 verbose installManyTop reading scoped package data from C:\Users\Khal\desktop\bootcamp\homework\Hangman-Reborn\node_modules\inquirer\package.json
7 verbose readDependencies loading dependencies from C:\Users\Khal\desktop\bootcamp\homework\Hangman-Reborn\package.json
8 silly cache add args [ 'inquirer@^1.2.1', null ]
9 verbose cache add spec inquirer@^1.2.1
10 silly cache add parsed spec Result {
10 silly cache add   raw: 'inquirer@^1.2.1',
10 silly cache add   scope: null,
10 silly cache add   name: 'inquirer',
10 silly cache add   rawSpec: '^1.2.1',
10 silly cache add   spec: '>=1.2.1 <2.0.0',
10 silly cache add   type: 'range' }
11 silly addNamed inquirer@>=1.2.1 <2.0.0
12 verbose addNamed ">=1.2.1 <2.0.0" is a valid semver range for inquirer
13 silly addNameRange { name: 'inquirer', range: '>=1.2.1 <2.0.0', hasData: false }
14 silly mapToRegistry name inquirer
15 silly mapToRegistry using default registry
16 silly mapToRegistry registry https://registry.npmjs.org/
17 silly mapToRegistry data Result {
17 silly mapToRegistry   raw: 'inquirer',
17 silly mapToRegistry   scope: null,
17 silly mapToRegistry   name: 'inquirer',
17 silly mapToRegistry   rawSpec: '',
17 silly mapToRegistry   spec: 'latest',
17 silly mapToRegistry   type: 'tag' }
18 silly mapToRegistry uri https://registry.npmjs.org/inquirer
19 verbose addNameRange registry:https://registry.npmjs.org/inquirer not in flight; fetching
20 verbose request uri https://registry.npmjs.org/inquirer
21 verbose request no auth needed
22 info attempt registry request try #1 at 9:19:00 PM
23 verbose request id 153cfc4dacb3c5e2
24 verbose etag "E7NOIVZG9LFSKCZAFT9FCUEVW"
25 http request GET https://registry.npmjs.org/inquirer
26 http 304 https://registry.npmjs.org/inquirer
27 verbose headers { date: 'Tue, 11 Oct 2016 02:18:58 GMT',
27 verbose headers   via: '1.1 varnish',
27 verbose headers   'cache-control': 'max-age=300',
27 verbose headers   etag: '"E7NOIVZG9LFSKCZAFT9FCUEVW"',
27 verbose headers   age: '36',
27 verbose headers   connection: 'keep-alive',
27 verbose headers   'x-served-by': 'cache-dfw1835-DFW',
27 verbose headers   'x-cache': 'HIT',
27 verbose headers   'x-cache-hits': '1',
27 verbose headers   'x-timer': 'S1476152338.043404,VS0,VE0',
27 verbose headers   vary: 'Accept-Encoding' }
28 silly get cb [ 304,
28 silly get   { date: 'Tue, 11 Oct 2016 02:18:58 GMT',
28 silly get     via: '1.1 varnish',
28 silly get     'cache-control': 'max-age=300',
28 silly get     etag: '"E7NOIVZG9LFSKCZAFT9FCUEVW"',
28 silly get     age: '36',
28 silly get     connection: 'keep-alive',
28 silly get     'x-served-by': 'cache-dfw1835-DFW',
28 silly get     'x-cache': 'HIT',
28 silly get     'x-cache-hits': '1',
28 silly get     'x-timer': 'S1476152338.043404,VS0,VE0',
28 silly get     vary: 'Accept-Encoding' } ]
29 verbose etag https://registry.npmjs.org/inquirer from cache
30 verbose get saving inquirer to C:\Users\Khal\AppData\Roaming\npm-cache\registry.npmjs.org\inquirer\.cache.json
31 verbose correctMkdir C:\Users\Khal\AppData\Roaming\npm-cache correctMkdir not in flight; initializing
32 silly addNameRange number 2 { name: 'inquirer', range: '>=1.2.1 <2.0.0', hasData: true }
33 silly addNameRange versions [ 'inquirer',
33 silly addNameRange   [ '0.1.0',
33 silly addNameRange     '0.1.1',
33 silly addNameRange     '0.1.2',
33 silly addNameRange     '0.1.3',
33 silly addNameRange     '0.1.4',
33 silly addNameRange     '0.1.5',
33 silly addNameRange     '0.1.6',
33 silly addNameRange     '0.1.7',
33 silly addNameRange     '0.1.8',
33 silly addNameRange     '0.1.9',
33 silly addNameRange     '0.2.0',
33 silly addNameRange     '0.2.1',
33 silly addNameRange     '0.1.11',
33 silly addNameRange     '0.1.12',
33 silly addNameRange     '0.2.2',
33 silly addNameRange     '0.2.3',
33 silly addNameRange     '0.2.4',
33 silly addNameRange     '0.2.5',
33 silly addNameRange     '0.3.0',
33 silly addNameRange     '0.3.1',
33 silly addNameRange     '0.3.2',
33 silly addNameRange     '0.3.3',
33 silly addNameRange     '0.3.4',
33 silly addNameRange     '0.3.5',
33 silly addNameRange     '0.4.0',
33 silly addNameRange     '0.4.1',
33 silly addNameRange     '0.5.0',
33 silly addNameRange     '0.5.1',
33 silly addNameRange     '0.6.0',
33 silly addNameRange     '0.7.1',
33 silly addNameRange     '0.7.2',
33 silly addNameRange     '0.7.3',
33 silly addNameRange     '0.8.0',
33 silly addNameRange     '0.8.2',
33 silly addNameRange     '0.8.3',
33 silly addNameRange     '0.8.4',
33 silly addNameRange     '0.8.5',
33 silly addNameRange     '0.9.0',
33 silly addNameRange     '0.10.0',
33 silly addNameRange     '0.10.1',
33 silly addNameRange     '0.11.0',
33 silly addNameRange     '0.11.1',
33 silly addNameRange     '0.11.2',
33 silly addNameRange     '0.11.3',
33 silly addNameRange     '0.11.4',
33 silly addNameRange     '0.12.0',
33 silly addNameRange     '1.0.0',
33 silly addNameRange     '1.0.1',
33 silly addNameRange     '1.0.2',
33 silly addNameRange     '1.0.3',
33 silly addNameRange     '1.1.0',
33 silly addNameRange     '1.1.1',
33 silly addNameRange     '1.1.2',
33 silly addNameRange     '1.1.3',
33 silly addNameRange     '1.2.1' ] ]
34 silly addNamed inquirer@1.2.1
35 verbose addNamed "1.2.1" is a plain semver version for inquirer
36 silly cache afterAdd inquirer@1.2.1
37 verbose afterAdd C:\Users\Khal\AppData\Roaming\npm-cache\inquirer\1.2.1\package\package.json not in flight; writing
38 verbose correctMkdir C:\Users\Khal\AppData\Roaming\npm-cache correctMkdir not in flight; initializing
39 verbose afterAdd C:\Users\Khal\AppData\Roaming\npm-cache\inquirer\1.2.1\package\package.json written
40 silly install resolved [ { name: 'inquirer',
40 silly install resolved     version: '1.2.1',
40 silly install resolved     description: 'A collection of common interactive command line user interfaces.',
40 silly install resolved     author: { name: 'Simon Boudrias', email: 'admin@simonboudrias.com' },
40 silly install resolved     files: [ 'lib' ],
40 silly install resolved     main: 'lib/inquirer.js',
40 silly install resolved     keywords: [ 'command', 'prompt', 'stdin', 'cli', 'tty', 'menu' ],
40 silly install resolved     scripts: { test: 'gulp', prepublish: 'gulp prepublish' },
40 silly install resolved     repository:
40 silly install resolved      { type: 'git',
40 silly install resolved        url: 'git+https://github.com/sboudrias/Inquirer.js.git' },
40 silly install resolved     license: 'MIT',
40 silly install resolved     dependencies:
40 silly install resolved      { 'ansi-escapes': '^1.1.0',
40 silly install resolved        chalk: '^1.0.0',
40 silly install resolved        'cli-cursor': '^1.0.1',
40 silly install resolved        'cli-width': '^2.0.0',
40 silly install resolved        'external-editor': '^1.1.0',
40 silly install resolved        figures: '^1.3.5',
40 silly install resolved        lodash: '^4.3.0',
40 silly install resolved        'mute-stream': '0.0.6',
40 silly install resolved        'pinkie-promise': '^2.0.0',
40 silly install resolved        'run-async': '^2.2.0',
40 silly install resolved        rx: '^4.1.0',
40 silly install resolved        'string-width': '^1.0.1',
40 silly install resolved        'strip-ansi': '^3.0.0',
40 silly install resolved        through: '^2.3.6' },
40 silly install resolved     devDependencies:
40 silly install resolved      { chai: '^3.0.0',
40 silly install resolved        cmdify: '^0.0.4',
40 silly install resolved        eslint: '^2.1.0',
40 silly install resolved        'eslint-config-xo-space': '^0.12.0',
40 silly install resolved        gulp: '^3.9.0',
40 silly install resolved        'gulp-coveralls': '^0.1.0',
40 silly install resolved        'gulp-eslint': '^2.0.0',
40 silly install resolved        'gulp-exclude-gitignore': '^1.0.0',
40 silly install resolved        'gulp-istanbul': '^0.10.3',
40 silly install resolved        'gulp-line-ending-corrector': '^1.0.1',
40 silly install resolved        'gulp-mocha': '^2.0.0',
40 silly install resolved        'gulp-nsp': '^2.1.0',
40 silly install resolved        'gulp-plumber': '^1.0.0',
40 silly install resolved        mocha: '^2.2.1',
40 silly install resolved        mockery: '^1.4.0',
40 silly install resolved        sinon: '^1.12.1' },
40 silly install resolved     eslintConfig: { extends: 'xo-space', env: [Object], rules: [Object] },
40 silly install resolved     gitHead: '8969259f530e1c23a1900bfda63cd801540de18e',
40 silly install resolved     bugs: { url: 'https://github.com/sboudrias/Inquirer.js/issues' },
40 silly install resolved     homepage: 'https://github.com/sboudrias/Inquirer.js#readme',
40 silly install resolved     _id: 'inquirer@1.2.1',
40 silly install resolved     _shasum: '86a215b7b10762922d0b00678e4c45e749dd1430',
40 silly install resolved     _from: 'inquirer@>=1.2.1 <2.0.0',
40 silly install resolved     _npmVersion: '3.10.8',
40 silly install resolved     _nodeVersion: '6.6.0',
40 silly install resolved     _npmUser: { name: 'sboudrias', email: 'admin@simonboudrias.com' },
40 silly install resolved     dist:
40 silly install resolved      { shasum: '86a215b7b10762922d0b00678e4c45e749dd1430',
40 silly install resolved        tarball: 'https://registry.npmjs.org/inquirer/-/inquirer-1.2.1.tgz' },
40 silly install resolved     maintainers: [ [Object] ],
40 silly install resolved     _npmOperationalInternal:
40 silly install resolved      { host: 'packages-12-west.internal.npmjs.com',
40 silly install resolved        tmp: 'tmp/inquirer-1.2.1.tgz_1475214574034_0.14418662758544087' },
40 silly install resolved     directories: {},
40 silly install resolved     _resolved: 'https://registry.npmjs.org/inquirer/-/inquirer-1.2.1.tgz',
40 silly install resolved     readme: 'ERROR: No README data found!' } ]
41 info install inquirer@1.2.1 into C:\Users\Khal\desktop\bootcamp\homework\Hangman-Reborn
42 info installOne inquirer@1.2.1
43 verbose installOne of inquirer to C:\Users\Khal\desktop\bootcamp\homework\Hangman-Reborn not in flight; installing
44 verbose correctMkdir C:\Users\Khal\AppData\Roaming\npm-cache\_locks correctMkdir not in flight; initializing
45 verbose lock using C:\Users\Khal\AppData\Roaming\npm-cache\_locks\inquirer-79b0c26d046dbc1e.lock for C:\Users\Khal\desktop\bootcamp\homework\Hangman-Reborn\node_modules\inquirer
46 silly install write writing inquirer 1.2.1 to C:\Users\Khal\desktop\bootcamp\homework\Hangman-Reborn\node_modules\inquirer
47 verbose unbuild node_modules\inquirer
48 silly gentlyRm C:\Users\Khal\desktop\bootcamp\homework\Hangman-Reborn\node_modules\inquirer is being purged from base C:\Users\Khal\desktop\bootcamp\homework\Hangman-Reborn
49 verbose gentlyRm don't care about contents; nuking C:\Users\Khal\desktop\bootcamp\homework\Hangman-Reborn\node_modules\inquirer
50 silly vacuum-fs purging C:\Users\Khal\desktop\bootcamp\homework\Hangman-Reborn\node_modules\inquirer
51 silly vacuum-fs quitting because other entries in C:\Users\Khal\desktop\bootcamp\homework\Hangman-Reborn\node_modules
52 verbose tar unpack C:\Users\Khal\AppData\Roaming\npm-cache\inquirer\1.2.1\package.tgz
53 verbose tar unpacking to C:\Users\Khal\desktop\bootcamp\homework\Hangman-Reborn\node_modules\inquirer
54 silly gentlyRm C:\Users\Khal\desktop\bootcamp\homework\Hangman-Reborn\node_modules\inquirer is being purged
55 verbose gentlyRm don't care about contents; nuking C:\Users\Khal\desktop\bootcamp\homework\Hangman-Reborn\node_modules\inquirer
56 silly vacuum-fs Error: EPERM: operation not permitted, lstat 'C:\Users\Khal\desktop\bootcamp\homework\Hangman-Reborn\node_modules\inquirer'
56 silly vacuum-fs     at Error (native)
57 verbose unlock done using C:\Users\Khal\AppData\Roaming\npm-cache\_locks\inquirer-79b0c26d046dbc1e.lock for C:\Users\Khal\desktop\bootcamp\homework\Hangman-Reborn\node_modules\inquirer
58 verbose stack Error: EPERM: operation not permitted, lstat 'C:\Users\Khal\desktop\bootcamp\homework\Hangman-Reborn\node_modules\inquirer'
58 verbose stack     at Error (native)
59 verbose cwd C:\Users\Khal\desktop\bootcamp\homework\Hangman-Reborn
60 error Windows_NT 10.0.10586
61 error argv "C:\\Program Files\\nodejs\\node.exe" "C:\\Program Files\\nodejs\\node_modules\\npm\\bin\\npm-cli.js" "install" "--save" "inquirer"
62 error node v4.5.0
63 error npm  v2.15.9
64 error path C:\Users\Khal\desktop\bootcamp\homework\Hangman-Reborn\node_modules\inquirer
65 error code EPERM
66 error errno -4048
67 error syscall lstat
68 error Error: EPERM: operation not permitted, lstat 'C:\Users\Khal\desktop\bootcamp\homework\Hangman-Reborn\node_modules\inquirer'
68 error     at Error (native)
68 error  { [Error: EPERM: operation not permitted, lstat 'C:\Users\Khal\desktop\bootcamp\homework\Hangman-Reborn\node_modules\inquirer']
68 error   errno: -4048,
68 error   code: 'EPERM',
68 error   syscall: 'lstat',
68 error   path: 'C:\\Users\\Khal\\desktop\\bootcamp\\homework\\Hangman-Reborn\\node_modules\\inquirer' }
69 error Please try running this command again as root/Administrator.
70 verbose exit [ -4048, true ]
71 verbose unbuild node_modules\inquirer
72 silly gentlyRm C:\Users\Khal\desktop\bootcamp\homework\Hangman-Reborn\node_modules\inquirer is being purged from base C:\Users\Khal\desktop\bootcamp\homework\Hangman-Reborn
73 verbose gentlyRm don't care about contents; nuking C:\Users\Khal\desktop\bootcamp\homework\Hangman-Reborn\node_modules\inquirer
74 silly vacuum-fs Error: EPERM: operation not permitted, lstat 'C:\Users\Khal\desktop\bootcamp\homework\Hangman-Reborn\node_modules\inquirer'
74 silly vacuum-fs     at Error (native)
75 error error rolling back Error: EPERM: operation not permitted, lstat 'C:\Users\Khal\desktop\bootcamp\homework\Hangman-Reborn\node_modules\inquirer'
75 error error rolling back     at Error (native)
75 error error rolling back  { [Error: EPERM: operation not permitted, lstat 'C:\Users\Khal\desktop\bootcamp\homework\Hangman-Reborn\node_modules\inquirer']
75 error error rolling back   errno: -4048,
75 error error rolling back   code: 'EPERM',
75 error error rolling back   syscall: 'lstat',
75 error error rolling back   path: 'C:\\Users\\Khal\\desktop\\bootcamp\\homework\\Hangman-Reborn\\node_modules\\inquirer' }
